MPASM 5.87             NEWPIC_8B_GENERAL.ASM   2-12-2023  11:25:41         PAGE  1


LOC  OBJECT CODE     LINE SOURCE TEXT
  VALUE

                      00001 ;*******************************************************************************
                      00002 ;                                                                              *
                      00003 ;    Microchip licenses this software to you solely for use with Microchip     *
                      00004 ;    products. The software is owned by Microchip and/or its licensors, and is *
                      00005 ;    protected under applicable copyright laws.  All rights reserved.          *
                      00006 ;                                                                              *
                      00007 ;    This software and any accompanying information is for suggestion only.    *
                      00008 ;    It shall not be deemed to modify Microchip?s standard warranty for its    *
                      00009 ;    products.  It is your responsibility to ensure that this software meets   *
                      00010 ;    your requirements.                                                        *
                      00011 ;                                                                              *
                      00012 ;    SOFTWARE IS PROVIDED "AS IS".  MICROCHIP AND ITS LICENSORS EXPRESSLY      *
                      00013 ;    DISCLAIM ANY WARRANTY OF ANY KIND, WHETHER EXPRESS OR IMPLIED, INCLUDING  *
                      00014 ;    BUT NOT LIMITED TO, THE IMPLIED WARRANTIES OF MERCHANTABILITY, FITNESS    *
                      00015 ;    FOR A PARTICULAR PURPOSE, OR NON-INFRINGEMENT. IN NO EVENT SHALL          *
                      00016 ;    MICROCHIP OR ITS LICENSORS BE LIABLE FOR ANY INCIDENTAL, SPECIAL,         *
                      00017 ;    INDIRECT OR CONSEQUENTIAL DAMAGES, LOST PROFITS OR LOST DATA, HARM TO     *
                      00018 ;    YOUR EQUIPMENT, COST OF PROCUREMENT OF SUBSTITUTE GOODS, TECHNOLOGY OR    *
                      00019 ;    SERVICES, ANY CLAIMS BY THIRD PARTIES (INCLUDING BUT NOT LIMITED TO ANY   *
                      00020 ;    DEFENSE THEREOF), ANY CLAIMS FOR INDEMNITY OR CONTRIBUTION, OR OTHER      *
                      00021 ;    SIMILAR COSTS.                                                            *
                      00022 ;                                                                              *
                      00023 ;    To the fullest extend allowed by law, Microchip and its licensors         *
                      00024 ;    liability shall not exceed the amount of fee, if any, that you have paid  *
                      00025 ;    directly to Microchip to use this software.                               *
                      00026 ;                                                                              *
                      00027 ;    MICROCHIP PROVIDES THIS SOFTWARE CONDITIONALLY UPON YOUR ACCEPTANCE OF    *
                      00028 ;    THESE TERMS.                                                              *
                      00029 ;                                                                              *
                      00030 ;*******************************************************************************
                      00031 ;                                                                              *
                      00032 ;    Filename:                                                                 *
                      00033 ;    Date:                                                                     *
                      00034 ;    File Version:                                                             *
                      00035 ;    Author:                                                                   *
                      00036 ;    Company:                                                                  *
                      00037 ;    Description:                                                              *
                      00038 ;                                                                              *
                      00039 ;*******************************************************************************
                      00040 ;                                                                              *
                      00041 ;    Notes: In the MPLAB X Help, refer to the MPASM Assembler documentation    *
                      00042 ;    for information on assembly instructions.                                 *
                      00043 ;                                                                              *
                      00044 ;*******************************************************************************
                      00045 ;                                                                              *
                      00046 ;    Known Issues: This template is designed for relocatable code.  As such,   *
                      00047 ;    build errors such as "Directive only allowed when generating an object    *
                      00048 ;    file" will result when the 'Build in Absolute Mode' checkbox is selected  *
                      00049 ;    in the project properties.  Designing code in absolute mode is            *
                      00050 ;    antiquated - use relocatable mode.                                        *
                      00051 ;                                                                              *
                      00052 ;*******************************************************************************
                      00053 ;                                                                              *
MPASM 5.87             NEWPIC_8B_GENERAL.ASM   2-12-2023  11:25:41         PAGE  2


LOC  OBJECT CODE     LINE SOURCE TEXT
  VALUE

                      00054 ;    Revision History:                                                         *
                      00055 ;                                                                              *
                      00056 ;*******************************************************************************
                      00057 
                      00058 
                      00059 
                      00060 ;*******************************************************************************
                      00061 ; Processor Inclusion
                      00062 ;
                      00063 ; TODO Step #1 Open the task list under Window > Tasks.  Include your
                      00064 ; device .inc file - e.g. #include <device_name>.inc.  Available
                      00065 ; include files are in C:\Program Files\Microchip\MPLABX\mpasmx
                      00066 ; assuming the default installation path for MPLAB X.  You may manually find
                      00067 ; the appropriate include file for your device here and include it, or
                      00068 ; simply copy the include generated by the configuration bits
                      00069 ; generator (see Step #2).
                      00070 ;
                      00071 ;*******************************************************************************
                      00072 
                      00073 ; TODO INSERT INCLUDE CODE HERE
                      00074 
                      00075 ;*******************************************************************************
                      00076 ;
                      00077 ; TODO Step #2 - Configuration Word Setup
                      00078 ;
                      00079 ; The 'CONFIG' directive is used to embed the configuration word within the
                      00080 ; .asm file. MPLAB X requires users to embed their configuration words
                      00081 ; into source code.  See the device datasheet for additional information
                      00082 ; on configuration word settings.  Device configuration bits descriptions
                      00083 ; are in C:\Program Files\Microchip\MPLABX\mpasmx\P<device_name>.inc
                      00084 ; (may change depending on your MPLAB X installation directory).
                      00085 ;
                      00086 ; MPLAB X has a feature which generates configuration bits source code.  Go to
                      00087 ; Window > PIC Memory Views > Configuration Bits.  Configure each field as
                      00088 ; needed and select 'Generate Source Code to Output'.  The resulting code which
                      00089 ; appears in the 'Output Window' > 'Config Bits Source' tab may be copied
                      00090 ; below.
                      00091 ;
                      00092 ;*******************************************************************************
                      00093 
                      00094 ; TODO INSERT CONFIG HERE
                      00095 
                      00096 ;*******************************************************************************
                      00097 ;
                      00098 ; TODO Step #3 - Variable Definitions
                      00099 ;
                      00100 ; Refer to datasheet for available data memory (RAM) organization assuming
                      00101 ; relocatible code organization (which is an option in project
                      00102 ; properties > mpasm (Global Options)).  Absolute mode generally should
                      00103 ; be used sparingly.
                      00104 ;
                      00105 ; Example of using GPR Uninitialized Data
                      00106 ;
MPASM 5.87             NEWPIC_8B_GENERAL.ASM   2-12-2023  11:25:41         PAGE  3


LOC  OBJECT CODE     LINE SOURCE TEXT
  VALUE

                      00107 ;   GPR_VAR        UDATA
                      00108 ;   MYVAR1         RES        1      ; User variable linker places
                      00109 ;   MYVAR2         RES        1      ; User variable linker places
                      00110 ;   MYVAR3         RES        1      ; User variable linker places
                      00111 ;
                      00112 ;   ; Example of using Access Uninitialized Data Section (when available)
                      00113 ;   ; The variables for the context saving in the device datasheet may need
                      00114 ;   ; memory reserved here.
                      00115 ;   INT_VAR        UDATA_ACS
                      00116 ;   W_TEMP         RES        1      ; w register for context saving (ACCESS)
                      00117 ;   STATUS_TEMP    RES        1      ; status used for context saving
                      00118 ;   BSR_TEMP       RES        1      ; bank select used for ISR context saving
                      00119 ;
                      00120 ;*******************************************************************************
                      00121 
                      00122 ; TODO PLACE VARIABLE DEFINITIONS GO HERE
                      00123 
                      00124 ;*******************************************************************************
                      00125 ; Reset Vector
                      00126 ;*******************************************************************************
                      00127 
                      00128 RES_VECT  CODE    0x0000            ; processor reset vector
0000   2???           00129     GOTO    START                   ; go to beginning of program
                      00130 
                      00131 ;*******************************************************************************
                      00132 ; TODO Step #4 - Interrupt Service Routines
                      00133 ;
                      00134 ; There are a few different ways to structure interrupt routines in the 8
                      00135 ; bit device families.  On PIC18's the high priority and low priority
                      00136 ; interrupts are located at 0x0008 and 0x0018, respectively.  On PIC16's and
                      00137 ; lower the interrupt is at 0x0004.  Between device families there is subtle
                      00138 ; variation in the both the hardware supporting the ISR (for restoring
                      00139 ; interrupt context) as well as the software used to restore the context
                      00140 ; (without corrupting the STATUS bits).
                      00141 ;
                      00142 ; General formats are shown below in relocatible format.
                      00143 ;
                      00144 ;------------------------------PIC16's and below--------------------------------
                      00145 ;
                      00146 ; ISR       CODE    0x0004           ; interrupt vector location
                      00147 ;
                      00148 ;     <Search the device datasheet for 'context' and copy interrupt
                      00149 ;     context saving code here.  Older devices need context saving code,
                      00150 ;     but newer devices like the 16F#### don't need context saving code.>
                      00151 ;
                      00152 ;     RETFIE
                      00153 ;
                      00154 ;----------------------------------PIC18's--------------------------------------
                      00155 ;
                      00156 ; ISRHV     CODE    0x0008
                      00157 ;     GOTO    HIGH_ISR
                      00158 ; ISRLV     CODE    0x0018
                      00159 ;     GOTO    LOW_ISR
MPASM 5.87             NEWPIC_8B_GENERAL.ASM   2-12-2023  11:25:41         PAGE  4


LOC  OBJECT CODE     LINE SOURCE TEXT
  VALUE

                      00160 ;
                      00161 ; ISRH      CODE                     ; let linker place high ISR routine
                      00162 ; HIGH_ISR
                      00163 ;     <Insert High Priority ISR Here - no SW context saving>
                      00164 ;     RETFIE  FAST
                      00165 ;
                      00166 ; ISRL      CODE                     ; let linker place low ISR routine
                      00167 ; LOW_ISR
                      00168 ;       <Search the device datasheet for 'context' and copy interrupt
                      00169 ;       context saving code here>
                      00170 ;     RETFIE
                      00171 ;
                      00172 ;*******************************************************************************
                      00173 
                      00174 ; TODO INSERT ISR HERE
                      00175 
                      00176 ;*******************************************************************************
                      00177 ; MAIN PROGRAM
                      00178 ;*******************************************************************************
                      00179 
                      00180 MAIN_PROG CODE                      ; let linker place main program
                      00181 
0000                  00182 START
                      00183 
                      00184     ; TODO Step #5 - Insert Your Program Here
                      00185 
0000   3055           00186     MOVLW 0x55                      ; your instructions
0001   2???           00187     GOTO $                          ; loop forever
                      00188 
                      00189     END
MPASM 5.87             NEWPIC_8B_GENERAL.ASM   2-12-2023  11:25:41         PAGE  5


SYMBOL TABLE
  LABEL                             VALUE 

START                             00000000
_MAIN_PROG_0001                   00000001
__16F877A                         00000001

Errors   :     0
Warnings :     0 reported,     0 suppressed
Messages :     0 reported,     0 suppressed

